Arguments: 
  /home/urquiza/.nvm/versions/node/v12.18.3/bin/node /usr/share/yarn/bin/yarn.js init

PATH: 
  /home/urquiza/.nvm/versions/node/v12.18.3/bin:/home/urquiza/bin:/usr/local/bin:/home/urquiza/.vscode-server/bin/a0479759d6e9ea56afa657e454193f72aef85bd0/bin:/home/urquiza/.zinit/polaris/sbin:/home/urquiza/.zinit/polaris/bin:/home/urquiza/.nvm/versions/node/v12.18.3/bin:/home/urquiza/bin:/usr/local/bin:/usr/local/sbin:/usr/local/bin:/usr/sbin:/usr/bin:/sbin:/bin:/usr/games:/usr/local/games:/mnt/c/Program Files (x86)/Common Files/Oracle/Java/javapath:/mnt/c/Windows/system32:/mnt/c/Windows:/mnt/c/Windows/System32/Wbem:/mnt/c/Windows/System32/WindowsPowerShell/v1.0/:/mnt/c/Windows/System32/OpenSSH/:/mnt/c/Program Files (x86)/NVIDIA Corporation/PhysX/Common:/mnt/c/ProgramData/chocolatey/bin:/mnt/c/Program Files (x86)/Yarn/bin/:/mnt/c/Android/Sdk/emulator:/mnt/c/Android/Sdk/tools:/mnt/c/Android/Sdk/tools/bin:/mnt/c/Android/Sdk/platform-tools:/mnt/c/WINDOWS/system32:/mnt/c/WINDOWS:/mnt/c/WINDOWS/System32/Wbem:/mnt/c/WINDOWS/System32/WindowsPowerShell/v1.0/:/mnt/c/WINDOWS/System32/OpenSSH/:/mnt/c/Users/urqui/AppData/Roaming/nvm:/mnt/c/Program Files/nodejs:/mnt/c/Program Files/Git/cmd:/mnt/c/Program Files/Docker/Docker/resources/bin:/mnt/c/ProgramData/DockerDesktop/version-bin:/mnt/c/Users/urqui/AppData/Local/Microsoft/WindowsApps:/mnt/c/Users/urqui/AppData/Local/Programs/Microsoft VS Code/bin:/mnt/c/Users/urqui/AppData/Local/Yarn/bin:/mnt/c/Users/urqui/AppData/Local/hyper/app-3.0.2/resources/bin:/mnt/c/Program Files/nodejs/node_modules/npm/bin:/mnt/c/Users/urqui/AppData/Roaming/nvm:/mnt/c/Program Files/nodejs

Yarn version: 
  1.22.5

Node version: 
  12.18.3

Platform: 
  linux x64

Trace: 
  Error: canceled
      at Interface.<anonymous> (/usr/share/yarn/lib/cli.js:137009:13)
      at Interface.emit (events.js:315:20)
      at Interface._ttyWrite (readline.js:868:16)
      at ReadStream.onkeypress (readline.js:205:10)
      at ReadStream.emit (events.js:315:20)
      at emitKeys (internal/readline/utils.js:335:14)
      at emitKeys.next (<anonymous>)
      at ReadStream.onData (readline.js:1137:36)
      at ReadStream.emit (events.js:315:20)
      at addChunk (_stream_readable.js:295:12)

npm manifest: 
  No manifest

yarn manifest: 
  No manifest

Lockfile: 
  No lockfile
